app/build/intermediates/manifest_merge_blame_file/debug/processDebugMainManifest/manifest-merger-blame-debug-report.txt
1<?xml version="1.0" encoding="utf-8"?>
2<manifest xmlns:android="http://schemas.android.com/apk/res/android"
3    package="com.example.safety"
4    android:versionCode="1"
5    android:versionName="1.0" >
6
7    <uses-sdk
8        android:minSdkVersion="28"
9        android:targetSdkVersion="35" />
10
11    <!-- Required Permissions -->
12    <!-- Precise location (GPS) -->
13    <uses-permission android:name="android.permission.ACCESS_FINE_LOCATION" />
13-->src\main\AndroidManifest.xml:7:5-78
13-->src\main\AndroidManifest.xml:7:22-76
14    <!-- Approximate location -->
15    <uses-permission android:name="android.permission.ACCESS_COARSE_LOCATION" />
15-->src\main\AndroidManifest.xml:9:5-80
15-->src\main\AndroidManifest.xml:9:22-78
16    <!-- Access user's contacts -->
17    <uses-permission android:name="android.permission.READ_CONTACTS" />
17-->src\main\AndroidManifest.xml:11:5-71
17-->src\main\AndroidManifest.xml:11:22-69
18    <!-- Check network connectivity -->
19    <uses-permission android:name="android.permission.ACCESS_NETWORK_STATE" />
19-->src\main\AndroidManifest.xml:13:5-78
19-->src\main\AndroidManifest.xml:13:22-76
20    <!-- Internet access -->
21    <uses-permission android:name="android.permission.INTERNET" />
21-->src\main\AndroidManifest.xml:15:5-66
21-->src\main\AndroidManifest.xml:15:22-64
22    <!-- Make phone calls -->
23    <uses-permission android:name="android.permission.CALL_PHONE" />
23-->src\main\AndroidManifest.xml:17:5-18:71
23-->src\main\AndroidManifest.xml:17:22-66
24    <!-- Send SMS messages -->
25    <uses-permission android:name="android.permission.SEND_SMS" />
25-->src\main\AndroidManifest.xml:20:5-21:71
25-->src\main\AndroidManifest.xml:20:22-64
26    <uses-permission android:name="android.permission.VIBRATE" />
26-->src\main\AndroidManifest.xml:23:5-66
26-->src\main\AndroidManifest.xml:23:22-63
27
28    <uses-feature
28-->[com.mappls.sdk:mappls-android-sdk:8.2.6] AndroidManifest.xml:10:5-12:35
29        android:glEsVersion="0x00020000"
29-->[com.mappls.sdk:mappls-android-sdk:8.2.6] AndroidManifest.xml:11:9-41
30        android:required="true" />
30-->[com.mappls.sdk:mappls-android-sdk:8.2.6] AndroidManifest.xml:12:9-32
31    <uses-feature
31-->[com.mappls.sdk:mappls-android-sdk:8.2.6] AndroidManifest.xml:13:5-15:36
32        android:name="android.hardware.wifi"
32-->[com.mappls.sdk:mappls-android-sdk:8.2.6] AndroidManifest.xml:14:9-45
33        android:required="false" />
33-->[com.mappls.sdk:mappls-android-sdk:8.2.6] AndroidManifest.xml:15:9-33
34
35    <uses-permission android:name="android.permission.ACCESS_WIFI_STATE" />
35-->[com.mappls.sdk:mappls-android-sdk:8.2.6] AndroidManifest.xml:19:5-76
35-->[com.mappls.sdk:mappls-android-sdk:8.2.6] AndroidManifest.xml:19:22-73
36
37    <permission
37-->[androidx.core:core:1.15.0] AndroidManifest.xml:22:5-24:47
38        android:name="com.example.safety.DYNAMIC_RECEIVER_NOT_EXPORTED_PERMISSION"
38-->[androidx.core:core:1.15.0] AndroidManifest.xml:23:9-81
39        android:protectionLevel="signature" />
39-->[androidx.core:core:1.15.0] AndroidManifest.xml:24:9-44
40
41    <uses-permission android:name="com.example.safety.DYNAMIC_RECEIVER_NOT_EXPORTED_PERMISSION" />
41-->[androidx.core:core:1.15.0] AndroidManifest.xml:26:5-97
41-->[androidx.core:core:1.15.0] AndroidManifest.xml:26:22-94
42    <uses-permission android:name="android.permission.REORDER_TASKS" />
42-->[androidx.test:core:1.6.1] AndroidManifest.xml:24:5-72
42-->[androidx.test:core:1.6.1] AndroidManifest.xml:24:22-69
43
44    <application
44-->src\main\AndroidManifest.xml:25:5-75:19
45        android:name="com.example.safety.application.SafetyMainApplication"
45-->src\main\AndroidManifest.xml:31:9-58
46        android:allowBackup="false"
46-->src\main\AndroidManifest.xml:26:9-36
47        android:appComponentFactory="androidx.core.app.CoreComponentFactory"
47-->[androidx.core:core:1.15.0] AndroidManifest.xml:28:18-86
48        android:dataExtractionRules="@xml/data_extraction_rules"
48-->src\main\AndroidManifest.xml:27:9-65
49        android:debuggable="true"
50        android:extractNativeLibs="false"
51        android:fullBackupContent="false"
51-->src\main\AndroidManifest.xml:28:9-42
52        android:icon="@mipmap/ic_launcher"
52-->src\main\AndroidManifest.xml:29:9-43
53        android:label="@string/app_name"
53-->src\main\AndroidManifest.xml:30:9-41
54        android:roundIcon="@mipmap/ic_launcher_round"
54-->src\main\AndroidManifest.xml:32:9-54
55        android:supportsRtl="true"
55-->src\main\AndroidManifest.xml:33:9-35
56        android:theme="@style/Theme.Safety" >
56-->src\main\AndroidManifest.xml:34:9-44
57
58        <!-- Main Activity -->
59        <activity
59-->src\main\AndroidManifest.xml:38:9-43:70
60            android:name="com.example.safety.activity.MainActivity"
60-->src\main\AndroidManifest.xml:39:13-50
61            android:exported="false"
61-->src\main\AndroidManifest.xml:41:13-37
62            android:screenOrientation="portrait"
62-->src\main\AndroidManifest.xml:42:13-49
63            android:windowSoftInputMode="adjustResize" />
63-->src\main\AndroidManifest.xml:40:13-55
64
65        <!-- User Registration Activity -->
66        <activity
66-->src\main\AndroidManifest.xml:46:9-51:39
67            android:name="com.example.safety.activity.RegisterUserActivity"
67-->src\main\AndroidManifest.xml:47:13-58
68            android:exported="false"
68-->src\main\AndroidManifest.xml:51:13-37
69            android:screenOrientation="portrait"
69-->src\main\AndroidManifest.xml:49:13-49
70            android:windowSoftInputMode="adjustPan" />
70-->src\main\AndroidManifest.xml:48:13-52
71
72        <!-- User Login Activity -->
73        <activity
73-->src\main\AndroidManifest.xml:54:9-58:39
74            android:name="com.example.safety.activity.LoginUserActivity"
74-->src\main\AndroidManifest.xml:55:13-55
75            android:exported="false"
75-->src\main\AndroidManifest.xml:58:13-37
76            android:screenOrientation="portrait" />
76-->src\main\AndroidManifest.xml:56:13-49
77
78        <!-- Splash Screen Activity -->
79        <activity
79-->src\main\AndroidManifest.xml:61:9-74:20
80            android:name="com.example.safety.SplashScreen"
80-->src\main\AndroidManifest.xml:62:13-41
81            android:exported="true"
81-->src\main\AndroidManifest.xml:66:13-36
82            android:screenOrientation="portrait"
82-->src\main\AndroidManifest.xml:63:13-49
83            android:theme="@style/SplashScreen_bg" >
83-->src\main\AndroidManifest.xml:64:13-51
84            <intent-filter>
84-->src\main\AndroidManifest.xml:68:13-73:29
85
86                <!-- Entry point for the app -->
87                <action android:name="android.intent.action.MAIN" />
87-->src\main\AndroidManifest.xml:70:17-69
87-->src\main\AndroidManifest.xml:70:25-66
88                <!-- App launcher category -->
89                <category android:name="android.intent.category.LAUNCHER" />
89-->src\main\AndroidManifest.xml:72:17-77
89-->src\main\AndroidManifest.xml:72:27-74
90            </intent-filter>
91        </activity>
92
93        <service
93-->[com.google.firebase:firebase-firestore:25.1.1] AndroidManifest.xml:14:9-23:19
94            android:name="com.google.firebase.components.ComponentDiscoveryService"
94-->[com.google.firebase:firebase-firestore:25.1.1] AndroidManifest.xml:15:13-84
95            android:directBootAware="true"
95-->[com.google.firebase:firebase-common:21.0.0] AndroidManifest.xml:32:13-43
96            android:exported="false" >
96-->[com.google.firebase:firebase-firestore:25.1.1] AndroidManifest.xml:16:13-37
97            <meta-data
97-->[com.google.firebase:firebase-firestore:25.1.1] AndroidManifest.xml:17:13-19:85
98                android:name="com.google.firebase.components:com.google.firebase.firestore.FirebaseFirestoreKtxRegistrar"
98-->[com.google.firebase:firebase-firestore:25.1.1] AndroidManifest.xml:18:17-122
99                android:value="com.google.firebase.components.ComponentRegistrar" />
99-->[com.google.firebase:firebase-firestore:25.1.1] AndroidManifest.xml:19:17-82
100            <meta-data
100-->[com.google.firebase:firebase-firestore:25.1.1] AndroidManifest.xml:20:13-22:85
101                android:name="com.google.firebase.components:com.google.firebase.firestore.FirestoreRegistrar"
101-->[com.google.firebase:firebase-firestore:25.1.1] AndroidManifest.xml:21:17-111
102                android:value="com.google.firebase.components.ComponentRegistrar" />
102-->[com.google.firebase:firebase-firestore:25.1.1] AndroidManifest.xml:22:17-82
103            <meta-data
103-->[com.google.firebase:firebase-common-ktx:21.0.0] AndroidManifest.xml:12:13-14:85
104                android:name="com.google.firebase.components:com.google.firebase.ktx.FirebaseCommonLegacyRegistrar"
104-->[com.google.firebase:firebase-common-ktx:21.0.0] AndroidManifest.xml:13:17-116
105                android:value="com.google.firebase.components.ComponentRegistrar" />
105-->[com.google.firebase:firebase-common-ktx:21.0.0] AndroidManifest.xml:14:17-82
106            <meta-data
106-->[com.google.firebase:firebase-common:21.0.0] AndroidManifest.xml:35:13-37:85
107                android:name="com.google.firebase.components:com.google.firebase.FirebaseCommonKtxRegistrar"
107-->[com.google.firebase:firebase-common:21.0.0] AndroidManifest.xml:36:17-109
108                android:value="com.google.firebase.components.ComponentRegistrar" />
108-->[com.google.firebase:firebase-common:21.0.0] AndroidManifest.xml:37:17-82
109        </service>
110
111        <activity
111-->[com.google.android.gms:play-services-base:18.5.0] AndroidManifest.xml:5:9-173
112            android:name="com.google.android.gms.common.api.GoogleApiActivity"
112-->[com.google.android.gms:play-services-base:18.5.0] AndroidManifest.xml:5:19-85
113            android:exported="false"
113-->[com.google.android.gms:play-services-base:18.5.0] AndroidManifest.xml:5:146-170
114            android:theme="@android:style/Theme.Translucent.NoTitleBar" />
114-->[com.google.android.gms:play-services-base:18.5.0] AndroidManifest.xml:5:86-145
115
116        <provider
116-->[com.google.firebase:firebase-common:21.0.0] AndroidManifest.xml:23:9-28:39
117            android:name="com.google.firebase.provider.FirebaseInitProvider"
117-->[com.google.firebase:firebase-common:21.0.0] AndroidManifest.xml:24:13-77
118            android:authorities="com.example.safety.firebaseinitprovider"
118-->[com.google.firebase:firebase-common:21.0.0] AndroidManifest.xml:25:13-72
119            android:directBootAware="true"
119-->[com.google.firebase:firebase-common:21.0.0] AndroidManifest.xml:26:13-43
120            android:exported="false"
120-->[com.google.firebase:firebase-common:21.0.0] AndroidManifest.xml:27:13-37
121            android:initOrder="100" />
121-->[com.google.firebase:firebase-common:21.0.0] AndroidManifest.xml:28:13-36
122        <provider
122-->[androidx.emoji2:emoji2:1.3.0] AndroidManifest.xml:24:9-32:20
123            android:name="androidx.startup.InitializationProvider"
123-->[androidx.emoji2:emoji2:1.3.0] AndroidManifest.xml:25:13-67
124            android:authorities="com.example.safety.androidx-startup"
124-->[androidx.emoji2:emoji2:1.3.0] AndroidManifest.xml:26:13-68
125            android:exported="false" >
125-->[androidx.emoji2:emoji2:1.3.0] AndroidManifest.xml:27:13-37
126            <meta-data
126-->[androidx.emoji2:emoji2:1.3.0] AndroidManifest.xml:29:13-31:52
127                android:name="androidx.emoji2.text.EmojiCompatInitializer"
127-->[androidx.emoji2:emoji2:1.3.0] AndroidManifest.xml:30:17-75
128                android:value="androidx.startup" />
128-->[androidx.emoji2:emoji2:1.3.0] AndroidManifest.xml:31:17-49
129            <meta-data
129-->[androidx.lifecycle:lifecycle-process:2.6.2] AndroidManifest.xml:29:13-31:52
130                android:name="androidx.lifecycle.ProcessLifecycleInitializer"
130-->[androidx.lifecycle:lifecycle-process:2.6.2] AndroidManifest.xml:30:17-78
131                android:value="androidx.startup" />
131-->[androidx.lifecycle:lifecycle-process:2.6.2] AndroidManifest.xml:31:17-49
132            <meta-data
132-->[androidx.profileinstaller:profileinstaller:1.4.0] AndroidManifest.xml:29:13-31:52
133                android:name="androidx.profileinstaller.ProfileInstallerInitializer"
133-->[androidx.profileinstaller:profileinstaller:1.4.0] AndroidManifest.xml:30:17-85
134                android:value="androidx.startup" />
134-->[androidx.profileinstaller:profileinstaller:1.4.0] AndroidManifest.xml:31:17-49
135        </provider>
136
137        <activity
137-->[androidx.test:core:1.6.1] AndroidManifest.xml:27:9-34:20
138            android:name="androidx.test.core.app.InstrumentationActivityInvoker$BootstrapActivity"
138-->[androidx.test:core:1.6.1] AndroidManifest.xml:28:13-99
139            android:exported="true"
139-->[androidx.test:core:1.6.1] AndroidManifest.xml:29:13-36
140            android:theme="@style/WhiteBackgroundTheme" >
140-->[androidx.test:core:1.6.1] AndroidManifest.xml:30:13-56
141            <intent-filter android:priority="-100" >
141-->[androidx.test:core:1.6.1] AndroidManifest.xml:31:13-33:29
141-->[androidx.test:core:1.6.1] AndroidManifest.xml:31:28-51
142                <category android:name="android.intent.category.LAUNCHER" />
142-->src\main\AndroidManifest.xml:72:17-77
142-->src\main\AndroidManifest.xml:72:27-74
143            </intent-filter>
144        </activity>
145        <activity
145-->[androidx.test:core:1.6.1] AndroidManifest.xml:35:9-42:20
146            android:name="androidx.test.core.app.InstrumentationActivityInvoker$EmptyActivity"
146-->[androidx.test:core:1.6.1] AndroidManifest.xml:36:13-95
147            android:exported="true"
147-->[androidx.test:core:1.6.1] AndroidManifest.xml:37:13-36
148            android:theme="@style/WhiteBackgroundTheme" >
148-->[androidx.test:core:1.6.1] AndroidManifest.xml:38:13-56
149            <intent-filter android:priority="-100" >
149-->[androidx.test:core:1.6.1] AndroidManifest.xml:31:13-33:29
149-->[androidx.test:core:1.6.1] AndroidManifest.xml:31:28-51
150                <category android:name="android.intent.category.LAUNCHER" />
150-->src\main\AndroidManifest.xml:72:17-77
150-->src\main\AndroidManifest.xml:72:27-74
151            </intent-filter>
152        </activity>
153        <activity
153-->[androidx.test:core:1.6.1] AndroidManifest.xml:43:9-50:20
154            android:name="androidx.test.core.app.InstrumentationActivityInvoker$EmptyFloatingActivity"
154-->[androidx.test:core:1.6.1] AndroidManifest.xml:44:13-103
155            android:exported="true"
155-->[androidx.test:core:1.6.1] AndroidManifest.xml:45:13-36
156            android:theme="@style/WhiteBackgroundDialogTheme" >
156-->[androidx.test:core:1.6.1] AndroidManifest.xml:46:13-62
157            <intent-filter android:priority="-100" >
157-->[androidx.test:core:1.6.1] AndroidManifest.xml:31:13-33:29
157-->[androidx.test:core:1.6.1] AndroidManifest.xml:31:28-51
158                <category android:name="android.intent.category.LAUNCHER" />
158-->src\main\AndroidManifest.xml:72:17-77
158-->src\main\AndroidManifest.xml:72:27-74
159            </intent-filter>
160        </activity>
161
162        <meta-data
162-->[com.google.android.gms:play-services-basement:18.4.0] AndroidManifest.xml:6:9-122
163            android:name="com.google.android.gms.version"
163-->[com.google.android.gms:play-services-basement:18.4.0] AndroidManifest.xml:6:20-65
164            android:value="@integer/google_play_services_version" />
164-->[com.google.android.gms:play-services-basement:18.4.0] AndroidManifest.xml:6:66-119
165
166        <receiver
166-->[androidx.profileinstaller:profileinstaller:1.4.0] AndroidManifest.xml:34:9-52:20
167            android:name="androidx.profileinstaller.ProfileInstallReceiver"
167-->[androidx.profileinstaller:profileinstaller:1.4.0] AndroidManifest.xml:35:13-76
168            android:directBootAware="false"
168-->[androidx.profileinstaller:profileinstaller:1.4.0] AndroidManifest.xml:36:13-44
169            android:enabled="true"
169-->[androidx.profileinstaller:profileinstaller:1.4.0] AndroidManifest.xml:37:13-35
170            android:exported="true"
170-->[androidx.profileinstaller:profileinstaller:1.4.0] AndroidManifest.xml:38:13-36
171            android:permission="android.permission.DUMP" >
171-->[androidx.profileinstaller:profileinstaller:1.4.0] AndroidManifest.xml:39:13-57
172            <intent-filter>
172-->[androidx.profileinstaller:profileinstaller:1.4.0] AndroidManifest.xml:40:13-42:29
173                <action android:name="androidx.profileinstaller.action.INSTALL_PROFILE" />
173-->[androidx.profileinstaller:profileinstaller:1.4.0] AndroidManifest.xml:41:17-91
173-->[androidx.profileinstaller:profileinstaller:1.4.0] AndroidManifest.xml:41:25-88
174            </intent-filter>
175            <intent-filter>
175-->[androidx.profileinstaller:profileinstaller:1.4.0] AndroidManifest.xml:43:13-45:29
176                <action android:name="androidx.profileinstaller.action.SKIP_FILE" />
176-->[androidx.profileinstaller:profileinstaller:1.4.0] AndroidManifest.xml:44:17-85
176-->[androidx.profileinstaller:profileinstaller:1.4.0] AndroidManifest.xml:44:25-82
177            </intent-filter>
178            <intent-filter>
178-->[androidx.profileinstaller:profileinstaller:1.4.0] AndroidManifest.xml:46:13-48:29
179                <action android:name="androidx.profileinstaller.action.SAVE_PROFILE" />
179-->[androidx.profileinstaller:profileinstaller:1.4.0] AndroidManifest.xml:47:17-88
179-->[androidx.profileinstaller:profileinstaller:1.4.0] AndroidManifest.xml:47:25-85
180            </intent-filter>
181            <intent-filter>
181-->[androidx.profileinstaller:profileinstaller:1.4.0] AndroidManifest.xml:49:13-51:29
182                <action android:name="androidx.profileinstaller.action.BENCHMARK_OPERATION" />
182-->[androidx.profileinstaller:profileinstaller:1.4.0] AndroidManifest.xml:50:17-95
182-->[androidx.profileinstaller:profileinstaller:1.4.0] AndroidManifest.xml:50:25-92
183            </intent-filter>
184        </receiver>
185    </application>
186
187</manifest>